<?xml version="1.0" encoding="UTF-8"?>
<robot generator="Robot 6.0.2 (Python 3.11.1 on win32)" generated="20230130 14:00:00.705" rpa="false" schemaversion="3">
<suite id="s1" name="Estrutura" source="C:\Users\Usuário\Desktop\robot\estrutura.robot">
<test id="s1-t1" name="cenario 1: teste de abrir site google" line="12">
<kw name="abrir site da google">
<kw name="Open Browser" library="SeleniumLibrary">
<arg>https://www.google.com/</arg>
<arg>chrome</arg>
<doc>Opens a new browser instance to the optional ``url``.</doc>
<msg timestamp="20230130 14:00:01.181" level="INFO">Opening browser 'chrome' to base url 'https://www.google.com/'.</msg>
<status status="PASS" starttime="20230130 14:00:01.180" endtime="20230130 14:00:06.070"/>
</kw>
<status status="PASS" starttime="20230130 14:00:01.180" endtime="20230130 14:00:06.071"/>
</kw>
<kw name="fechar navegador">
<kw name="Close Browser" library="SeleniumLibrary">
<doc>Closes the current browser.</doc>
<status status="PASS" starttime="20230130 14:00:06.087" endtime="20230130 14:00:08.604"/>
</kw>
<status status="PASS" starttime="20230130 14:00:06.085" endtime="20230130 14:00:08.605"/>
</kw>
<status status="PASS" starttime="20230130 14:00:01.179" endtime="20230130 14:00:08.607"/>
</test>
<test id="s1-t2" name="cenario 2: teste de abrir site da globo" line="16">
<kw name="abrir site da globo">
<kw name="Open Browser" library="SeleniumLibrary">
<arg>https://www.globo.com/</arg>
<arg>chrome</arg>
<doc>Opens a new browser instance to the optional ``url``.</doc>
<msg timestamp="20230130 14:00:08.619" level="INFO">Opening browser 'chrome' to base url 'https://www.globo.com/'.</msg>
<status status="PASS" starttime="20230130 14:00:08.614" endtime="20230130 14:00:18.898"/>
</kw>
<status status="PASS" starttime="20230130 14:00:08.613" endtime="20230130 14:00:18.899"/>
</kw>
<kw name="fechar navegador">
<kw name="Close Browser" library="SeleniumLibrary">
<doc>Closes the current browser.</doc>
<status status="PASS" starttime="20230130 14:00:18.933" endtime="20230130 14:00:21.716"/>
</kw>
<status status="PASS" starttime="20230130 14:00:18.932" endtime="20230130 14:00:21.717"/>
</kw>
<status status="PASS" starttime="20230130 14:00:08.611" endtime="20230130 14:00:21.719"/>
</test>
<status status="PASS" starttime="20230130 14:00:00.708" endtime="20230130 14:00:21.725"/>
</suite>
<statistics>
<total>
<stat pass="2" fail="0" skip="0">All Tests</stat>
</total>
<tag>
</tag>
<suite>
<stat pass="2" fail="0" skip="0" id="s1" name="Estrutura">Estrutura</stat>
</suite>
</statistics>
<errors>
</errors>
</robot>
